0 info it worked if it ends with ok
1 verbose cli [ '/usr/bin/nodejs',
1 verbose cli   '/usr/bin/npm',
1 verbose cli   'install',
1 verbose cli   'http-server',
1 verbose cli   '-g' ]
2 info using npm@1.3.10
3 info using node@v0.10.25
4 verbose cache add [ 'http-server', null ]
5 verbose cache add name=undefined spec="http-server" args=["http-server",null]
6 verbose parsed url { protocol: null,
6 verbose parsed url   slashes: null,
6 verbose parsed url   auth: null,
6 verbose parsed url   host: null,
6 verbose parsed url   port: null,
6 verbose parsed url   hostname: null,
6 verbose parsed url   hash: null,
6 verbose parsed url   search: null,
6 verbose parsed url   query: null,
6 verbose parsed url   pathname: 'http-server',
6 verbose parsed url   path: 'http-server',
6 verbose parsed url   href: 'http-server' }
7 silly lockFile ed608307-http-server http-server
8 verbose lock http-server /home/jaydson/.npm/ed608307-http-server.lock
9 silly lockFile ed608307-http-server http-server
10 silly lockFile ed608307-http-server http-server
11 verbose addNamed [ 'http-server', '' ]
12 verbose addNamed [ null, '*' ]
13 silly lockFile 550353c6-http-server http-server@
14 verbose lock http-server@ /home/jaydson/.npm/550353c6-http-server.lock
15 silly addNameRange { name: 'http-server', range: '*', hasData: false }
16 verbose url raw http-server
17 verbose url resolving [ 'https://registry.npmjs.org/', './http-server' ]
18 verbose url resolved https://registry.npmjs.org/http-server
19 info trying registry request attempt 1 at 14:43:43
20 http GET https://registry.npmjs.org/http-server
21 http 200 https://registry.npmjs.org/http-server
22 silly registry.get cb [ 200,
22 silly registry.get   { date: 'Tue, 13 May 2014 17:43:47 GMT',
22 silly registry.get     server: 'CouchDB/1.5.0 (Erlang OTP/R14B04)',
22 silly registry.get     etag: '"1UQ55A4DCQ0TOIQPPHW54RY4Z"',
22 silly registry.get     'content-type': 'application/json',
22 silly registry.get     'cache-control': 'max-age=1',
22 silly registry.get     'content-length': '42410',
22 silly registry.get     'accept-ranges': 'bytes',
22 silly registry.get     via: '1.1 varnish',
22 silly registry.get     'x-served-by': 'cache-v41-ASH',
22 silly registry.get     'x-cache': 'MISS',
22 silly registry.get     'x-cache-hits': '0',
22 silly registry.get     'x-timer': 'S1400003027.122543097,VS0,VE7',
22 silly registry.get     vary: 'Accept',
22 silly registry.get     'keep-alive': 'timeout=10, max=50',
22 silly registry.get     connection: 'Keep-Alive' } ]
23 silly addNameRange number 2 { name: 'http-server', range: '*', hasData: true }
24 silly addNameRange versions [ 'http-server',
24 silly addNameRange   [ '0.1.0',
24 silly addNameRange     '0.1.1',
24 silly addNameRange     '0.1.3',
24 silly addNameRange     '0.2.1',
24 silly addNameRange     '0.2.2',
24 silly addNameRange     '0.2.3',
24 silly addNameRange     '0.2.4',
24 silly addNameRange     '0.2.5',
24 silly addNameRange     '0.2.6',
24 silly addNameRange     '0.2.9',
24 silly addNameRange     '0.3.0',
24 silly addNameRange     '0.4.0',
24 silly addNameRange     '0.4.1',
24 silly addNameRange     '0.5.0',
24 silly addNameRange     '0.5.1',
24 silly addNameRange     '0.5.2',
24 silly addNameRange     '0.5.3',
24 silly addNameRange     '0.5.5',
24 silly addNameRange     '0.6.0',
24 silly addNameRange     '0.6.1' ] ]
25 verbose addNamed [ 'http-server', '0.6.1' ]
26 verbose addNamed [ '0.6.1', '0.6.1' ]
27 silly lockFile 1e2b2518-http-server-0-6-1 http-server@0.6.1
28 verbose lock http-server@0.6.1 /home/jaydson/.npm/1e2b2518-http-server-0-6-1.lock
29 silly lockFile c3f4b4b6-ttp-server-http-server-0-6-1-tgz https://registry.npmjs.org/http-server/-/http-server-0.6.1.tgz
30 verbose lock https://registry.npmjs.org/http-server/-/http-server-0.6.1.tgz /home/jaydson/.npm/c3f4b4b6-ttp-server-http-server-0-6-1-tgz.lock
31 verbose addRemoteTarball [ 'https://registry.npmjs.org/http-server/-/http-server-0.6.1.tgz',
31 verbose addRemoteTarball   '06fce65cf2bd4132a578bdac62ffacb97d613981' ]
32 silly lockFile c3f4b4b6-ttp-server-http-server-0-6-1-tgz https://registry.npmjs.org/http-server/-/http-server-0.6.1.tgz
33 silly lockFile c3f4b4b6-ttp-server-http-server-0-6-1-tgz https://registry.npmjs.org/http-server/-/http-server-0.6.1.tgz
34 silly lockFile 1e2b2518-http-server-0-6-1 http-server@0.6.1
35 silly lockFile 1e2b2518-http-server-0-6-1 http-server@0.6.1
36 silly lockFile 550353c6-http-server http-server@
37 silly lockFile 550353c6-http-server http-server@
38 error Error: EACCES, mkdir '/home/jaydson/tmp/npm-11541-dSNE0cqv'
38 error  { [Error: EACCES, mkdir '/home/jaydson/tmp/npm-11541-dSNE0cqv']
38 error   errno: 3,
38 error   code: 'EACCES',
38 error   path: '/home/jaydson/tmp/npm-11541-dSNE0cqv' }
39 error Please try running this command again as root/Administrator.
40 error System Linux 3.13.0-24-generic
41 error command "/usr/bin/nodejs" "/usr/bin/npm" "install" "http-server" "-g"
42 error cwd /home/jaydson/Workspace/braziljs-conf
43 error node -v v0.10.25
44 error npm -v 1.3.10
45 error path /home/jaydson/tmp/npm-11541-dSNE0cqv
46 error code EACCES
47 error errno 3
48 error stack Error: EACCES, mkdir '/home/jaydson/tmp/npm-11541-dSNE0cqv'
49 verbose exit [ 3, true ]
